[debug] [2026-02-11T13:31:18.534Z] ----------------------------------------------------------------------
[debug] [2026-02-11T13:31:18.538Z] Command:       /nix/store/ixbb20farqh1f4fqbmsn6b1ixn8mc8ij-nodejs-20.18.1/bin/node /home/user/.global_modules/bin/firebase init
[debug] [2026-02-11T13:31:18.539Z] CLI Version:   15.5.1
[debug] [2026-02-11T13:31:18.539Z] Platform:      linux
[debug] [2026-02-11T13:31:18.539Z] Node Version:  v20.18.1
[debug] [2026-02-11T13:31:18.539Z] Time:          Wed Feb 11 2026 13:31:18 GMT+0000 (Coordinated Universal Time)
[debug] [2026-02-11T13:31:18.540Z] ----------------------------------------------------------------------
[debug] 
[debug] [2026-02-11T13:31:19.724Z] Checked if tokens are valid: true, expires at: 1770819454033
[debug] [2026-02-11T13:31:19.725Z] Checked if tokens are valid: true, expires at: 1770819454033
[debug] [2026-02-11T13:31:19.734Z] >>> [apiv2][query] GET https://monospace-pa.googleapis.com/v1/workspaces/meupostodesaude-08060240 [none]
[debug] [2026-02-11T13:31:20.501Z] <<< [apiv2][status] GET https://monospace-pa.googleapis.com/v1/workspaces/meupostodesaude-08060240 200
[debug] [2026-02-11T13:31:20.502Z] <<< [apiv2][body] GET https://monospace-pa.googleapis.com/v1/workspaces/meupostodesaude-08060240 {"workspaceId":"meupostodesaude-08060240","name":"meupostodesaude","workspaceRedirectUrl":"firebase-meupostodesaude-1770807736801.cluster-fsmcisrvfbb5cr5mvra3hr3qyg.cloudworkstations.dev","status":"WORKSPACE_STATUS_RUNNING","lastAccessDatetime":"2026-02-11T13:30:14.667578Z","workspaceTemplate":"WORKSPACE_TEMPLATE_BLANK_WEB","owner":"SELF","serviceAccountEmail":"msp-2428453181491011549@monospace-per-ws-sa-10.iam.gserviceaccount.com","gitRepoUrl":"https://github.com/leandromelolm/meupostodesaude","enableNix":true,"ownerEmail":"leandrosiqueira.pe@gmail.com","workstationAccessToken":"eyJhbGciOiJSUzI1NiIsInR5cCI6IkpXVCJ9.eyJpc3MiOiJodHRwczovL2Nsb3VkLmdvb2dsZS5jb20vd29ya3N0YXRpb25zIiwiYXVkIjoiZmlyZWJhc2UtbWV1cG9zdG9kZXNhdWRlLTE3NzA4MDc3MzY4MDEuY2x1c3Rlci1mc21jaXNydmZiYjVjcjVtdnJhM2hyM3F5Zy5jbG91ZHdvcmtzdGF0aW9ucy5kZXYiLCJpYXQiOjE3NzA4MTY2ODAsImV4cCI6MTc3MDkwMzA4MH0.jsH5K2hkpqJynRe_gocoAY-N_9nPCmqKlv9P93kS_05A317e7IeYatm06iGAetEhNNqoIiwxLIFpTJJhz8bQ4Q4iSXp5diUtsORdy2d-SxvbgC2hI4pkOxBzV0EQmFSRlLcvmy76jOPkKcK_jp1ar7jtnN3Rbd3fhgTOVfE7iz3hfX8MvzavuEh8EY_qqgQYlHL1t0pZsscXsDSYQoGz7ewu4ukMZr2LWuHp_3Az4pze16CKUDQRvz_aPT72JxEq2txDmUNHtpziM3TomHnCiH6SLso1G6FGxpp7NyywFdjBG5JZPaom7J_pbKfFRkBYuFetX2laMMPux9E2pqDxTg","firebaseProjectId":"minhaequipesaude"}
[info] 
     ######## #### ########  ######## ########     ###     ######  ########
     ##        ##  ##     ## ##       ##     ##  ##   ##  ##       ##
     ######    ##  ########  ######   ########  #########  ######  ######
     ##        ##  ##    ##  ##       ##     ## ##     ##       ## ##
     ##       #### ##     ## ######## ########  ##     ##  ######  ########

You're about to initialize a Firebase project in this directory:

  /home/user/meupostodesaude/meupostodesaude

[info] 
=== Project Setup
[info] 
[info] First, let's associate this project directory with a Firebase project.
[info] You can create multiple project aliases by running firebase use --add, 
[info] 
[debug] [2026-02-11T13:31:25.284Z] > command requires scopes: ["email","openid","https://www.googleapis.com/auth/cloudplatformprojects.readonly","https://www.googleapis.com/auth/firebase","https://www.googleapis.com/auth/cloud-platform","https://www.googleapis.com/auth/userinfo.email"]
[debug] [2026-02-11T13:31:25.286Z] > authorizing via signed-in user (leandrosiqueira.pe@gmail.com)
[debug] [2026-02-11T13:31:25.286Z] Checked if tokens are valid: true, expires at: 1770819454033
[debug] [2026-02-11T13:31:25.286Z] Checked if tokens are valid: true, expires at: 1770819454033
[debug] [2026-02-11T13:31:25.287Z] >>> [apiv2][query] GET https://firebase.googleapis.com/v1beta1/projects/minhaequipesaude [none]
[debug] [2026-02-11T13:31:25.546Z] <<< [apiv2][status] GET https://firebase.googleapis.com/v1beta1/projects/minhaequipesaude 200
[debug] [2026-02-11T13:31:25.546Z] <<< [apiv2][body] GET https://firebase.googleapis.com/v1beta1/projects/minhaequipesaude {"projectId":"minhaequipesaude","projectNumber":"991552401953","displayName":"minhaequipesaude","name":"projects/minhaequipesaude","resources":{"hostingSite":"minhaequipesaude"},"state":"ACTIVE","etag":"1_9fb9f528-9c99-481f-954a-cdf6ed5cf9c1"}
[info] i  Using project minhaequipesaude (minhaequipesaude) . 
[info] 
=== Hosting Setup
[debug] [2026-02-11T13:31:25.566Z] Checked if tokens are valid: true, expires at: 1770819454033
[debug] [2026-02-11T13:31:25.566Z] Checked if tokens are valid: true, expires at: 1770819454033
[debug] [2026-02-11T13:31:25.566Z] >>> [apiv2][query] GET https://firebase.googleapis.com/v1beta1/projects/minhaequipesaude [none]
[debug] [2026-02-11T13:31:25.733Z] <<< [apiv2][status] GET https://firebase.googleapis.com/v1beta1/projects/minhaequipesaude 200
[debug] [2026-02-11T13:31:25.733Z] <<< [apiv2][body] GET https://firebase.googleapis.com/v1beta1/projects/minhaequipesaude {"projectId":"minhaequipesaude","projectNumber":"991552401953","displayName":"minhaequipesaude","name":"projects/minhaequipesaude","resources":{"hostingSite":"minhaequipesaude"},"state":"ACTIVE","etag":"1_9fb9f528-9c99-481f-954a-cdf6ed5cf9c1"}
[info] 
[info] Your public directory is the folder (relative to your project directory) that
[info] will contain Hosting assets to be uploaded with firebase deploy. If you
[info] have a build process for your assets, use your build's output directory.
[info] 
[info] 
[info] i  Detected a .git folder at /home/user/meupostodesaude 
[info] i  Authorizing with GitHub to upload your service account to a GitHub repository's secrets store. 
[info] 
[info] Visit this URL on this device to log in:
[info] https://github.com/login/oauth/authorize?client_id=89cf50f02ac6aaed3484&state=153868893&redirect_uri=http%3A%2F%2Flocalhost%3A9005&scope=read%3Auser%20repo%20public_repo
[info] 
[info] Waiting for authentication...
